app/build/outputs/logs/manifest-merger-debug-report.txt
-- Merging decision tree log ---
manifest
ADDED from src\main\AndroidManifest.xml:2:1-89:12
	package
		ADDED from src\main\AndroidManifest.xml:3:5-41
		INJECTED from src\main\AndroidManifest.xml
		INJECTED from src\main\AndroidManifest.xml
	android:versionName
		INJECTED from src\main\AndroidManifest.xml
		INJECTED from src\main\AndroidManifest.xml
	xmlns:android
		ADDED from src\main\AndroidManifest.xml:2:11-69
	android:versionCode
		INJECTED from src\main\AndroidManifest.xml
		INJECTED from src\main\AndroidManifest.xml
uses-permission#android.permission.READ_EXTERNAL_STORAGE
ADDED from src\main\AndroidManifest.xml:5:5-80
	android:name
		ADDED from src\main\AndroidManifest.xml:5:22-77
uses-permission#android.permission.WRITE_EXTERNAL_STORAGE
ADDED from src\main\AndroidManifest.xml:6:5-81
	android:name
		ADDED from src\main\AndroidManifest.xml:6:22-78
uses-permission#android.permission.WAKE_LOCK
ADDED from src\main\AndroidManifest.xml:7:5-68
	android:name
		ADDED from src\main\AndroidManifest.xml:7:22-65
uses-permission#android.permission.INTERAC
ADDED from src\main\AndroidManifest.xml:8:5-66
	android:name
		ADDED from src\main\AndroidManifest.xml:8:22-63
application
ADDED from src\main\AndroidManifest.xml:10:5-87:19
MERGED from [com.android.support:design:22.2.1] AndroidManifest.xml:22:5-20
MERGED from [com.android.support:appcompat-v7:22.2.1] AndroidManifest.xml:22:5-20
MERGED from [com.android.support:support-v4:22.2.1] AndroidManifest.xml:22:5-20
	android:label
		ADDED from src\main\AndroidManifest.xml:13:9-41
	android:fullBackupContent
		ADDED from src\main\AndroidManifest.xml:15:9-41
	android:allowBackup
		ADDED from src\main\AndroidManifest.xml:11:9-35
	android:icon
		ADDED from src\main\AndroidManifest.xml:12:9-43
	android:theme
		ADDED from src\main\AndroidManifest.xml:14:9-49
activity#com.millennialapps.musicum.activities.InitActivity
ADDED from src\main\AndroidManifest.xml:16:9-24:20
	android:label
		ADDED from src\main\AndroidManifest.xml:18:13-45
	android:noHistory
		ADDED from src\main\AndroidManifest.xml:19:13-37
	android:name
		ADDED from src\main\AndroidManifest.xml:17:13-52
intent-filter#android.intent.action.MAIN+android.intent.category.LAUNCHER
ADDED from src\main\AndroidManifest.xml:20:13-23:29
action#android.intent.action.MAIN
ADDED from src\main\AndroidManifest.xml:21:17-69
	android:name
		ADDED from src\main\AndroidManifest.xml:21:25-66
category#android.intent.category.LAUNCHER
ADDED from src\main\AndroidManifest.xml:22:17-77
	android:name
		ADDED from src\main\AndroidManifest.xml:22:27-74
activity#com.millennialapps.musicum.activities.MainActivity
ADDED from src\main\AndroidManifest.xml:25:9-31:20
	android:label
		ADDED from src\main\AndroidManifest.xml:27:13-56
	android:name
		ADDED from src\main\AndroidManifest.xml:26:13-52
meta-data#android.app.searchable
ADDED from src\main\AndroidManifest.xml:28:13-30:54
	android:resource
		ADDED from src\main\AndroidManifest.xml:30:17-51
	android:name
		ADDED from src\main\AndroidManifest.xml:29:17-54
activity#com.millennialapps.musicum.lists.AlbumesArtista
ADDED from src\main\AndroidManifest.xml:32:9-34:69
	android:label
		ADDED from src\main\AndroidManifest.xml:34:13-66
	android:name
		ADDED from src\main\AndroidManifest.xml:33:13-49
activity#com.millennialapps.musicum.lists.CancionesArtista
ADDED from src\main\AndroidManifest.xml:35:9-37:68
	android:label
		ADDED from src\main\AndroidManifest.xml:37:13-65
	android:name
		ADDED from src\main\AndroidManifest.xml:36:13-51
activity#com.millennialapps.musicum.lists.CancionesAlbum
ADDED from src\main\AndroidManifest.xml:38:9-40:70
	android:label
		ADDED from src\main\AndroidManifest.xml:40:13-67
	android:name
		ADDED from src\main\AndroidManifest.xml:39:13-49
activity#com.millennialapps.musicum.lists.CancionesGenero
ADDED from src\main\AndroidManifest.xml:41:9-43:71
	android:label
		ADDED from src\main\AndroidManifest.xml:43:13-68
	android:name
		ADDED from src\main\AndroidManifest.xml:42:13-50
activity#com.millennialapps.musicum.lists.CancionesLista
ADDED from src\main\AndroidManifest.xml:44:9-46:70
	android:label
		ADDED from src\main\AndroidManifest.xml:46:13-67
	android:name
		ADDED from src\main\AndroidManifest.xml:45:13-49
service#com.millennialapps.musicum.services.MusicService
ADDED from src\main\AndroidManifest.xml:48:9-50:38
	android:enabled
		ADDED from src\main\AndroidManifest.xml:50:13-35
	android:name
		ADDED from src\main\AndroidManifest.xml:49:13-50
receiver#com.millennialapps.musicum.services.ConexionAudifonosReceiver
ADDED from src\main\AndroidManifest.xml:52:9-57:20
	android:name
		ADDED from src\main\AndroidManifest.xml:52:19-69
intent-filter#android.intent.action.HEADSET_PLUG+android.media.AUDIO_BECOMING_NOISY
ADDED from src\main\AndroidManifest.xml:53:13-56:29
	android:priority
		ADDED from src\main\AndroidManifest.xml:53:28-50
action#android.intent.action.HEADSET_PLUG
ADDED from src\main\AndroidManifest.xml:54:17-77
	android:name
		ADDED from src\main\AndroidManifest.xml:54:25-74
action#android.media.AUDIO_BECOMING_NOISY
ADDED from src\main\AndroidManifest.xml:55:17-77
	android:name
		ADDED from src\main\AndroidManifest.xml:55:25-74
receiver#com.millennialapps.musicum.services.RemoteControlReceiver
ADDED from src\main\AndroidManifest.xml:58:9-62:20
	android:name
		ADDED from src\main\AndroidManifest.xml:58:19-65
intent-filter#android.intent.action.MEDIA_BUTTON
ADDED from src\main\AndroidManifest.xml:59:13-61:29
	android:priority
		ADDED from src\main\AndroidManifest.xml:59:28-57
action#android.intent.action.MEDIA_BUTTON
ADDED from src\main\AndroidManifest.xml:60:17-77
	android:name
		ADDED from src\main\AndroidManifest.xml:60:25-74
receiver#com.millennialapps.musicum.widget.ButtonWidget
ADDED from src\main\AndroidManifest.xml:64:9-74:20
	android:label
		ADDED from src\main\AndroidManifest.xml:66:13-45
	android:name
		ADDED from src\main\AndroidManifest.xml:65:13-48
intent-filter#.widget.ButtonWidget.ACTION_WIDGET_RECEIVER+android.appwidget.action.APPWIDGET_UPDATE
ADDED from src\main\AndroidManifest.xml:67:13-70:29
action#android.appwidget.action.APPWIDGET_UPDATE
ADDED from src\main\AndroidManifest.xml:68:17-84
	android:name
		ADDED from src\main\AndroidManifest.xml:68:25-81
action#.widget.ButtonWidget.ACTION_WIDGET_RECEIVER
ADDED from src\main\AndroidManifest.xml:69:17-86
	android:name
		ADDED from src\main\AndroidManifest.xml:69:25-83
meta-data#android.appwidget.provider
ADDED from src\main\AndroidManifest.xml:71:13-73:50
	android:resource
		ADDED from src\main\AndroidManifest.xml:73:17-47
	android:name
		ADDED from src\main\AndroidManifest.xml:72:17-58
receiver#com.millennialapps.musicum.widget.Widget4x1
ADDED from src\main\AndroidManifest.xml:75:9-86:20
	android:label
		ADDED from src\main\AndroidManifest.xml:77:13-46
	android:name
		ADDED from src\main\AndroidManifest.xml:76:13-45
intent-filter#.comun.objetos.Constantes.WIDGET_ABRIR+.comun.objetos.Constantes.WIDGET_PLAY+android.appwidget.action.APPWIDGET_UPDATE
ADDED from src\main\AndroidManifest.xml:78:13-82:29
action#.comun.objetos.Constantes.WIDGET_ABRIR
ADDED from src\main\AndroidManifest.xml:80:17-81
	android:name
		ADDED from src\main\AndroidManifest.xml:80:25-78
action#.comun.objetos.Constantes.WIDGET_PLAY
ADDED from src\main\AndroidManifest.xml:81:17-80
	android:name
		ADDED from src\main\AndroidManifest.xml:81:25-77
uses-sdk
INJECTED from src\main\AndroidManifest.xml reason: use-sdk injection requested
MERGED from [com.android.support:design:22.2.1] AndroidManifest.xml:20:5-43
MERGED from [com.android.support:appcompat-v7:22.2.1] AndroidManifest.xml:20:5-43
MERGED from [com.android.support:recyclerview-v7:22.2.1] AndroidManifest.xml:20:5-43
MERGED from [com.android.support:support-v4:22.2.1] AndroidManifest.xml:20:5-43
	android:targetSdkVersion
		INJECTED from src\main\AndroidManifest.xml
		INJECTED from src\main\AndroidManifest.xml
	android:minSdkVersion
		INJECTED from src\main\AndroidManifest.xml
		INJECTED from src\main\AndroidManifest.xml